<?xml version="1.0" encoding="utf-8"?><testsuites name="pytest tests"><testsuite name="pytest" errors="0" failures="1" skipped="0" tests="55" time="98.329" timestamp="2026-03-24T18:11:57.105529+00:00" hostname="agent-env-cf74192c-6411-4770-9444-9f5b3acac0b0"><testcase classname="backend.tests.test_andrepau_api.TestAuthentication" name="test_admin_login_success" time="0.390" /><testcase classname="backend.tests.test_andrepau_api.TestAuthentication" name="test_casier_login_success" time="0.346" /><testcase classname="backend.tests.test_andrepau_api.TestAuthentication" name="test_login_invalid_credentials" time="0.138" /><testcase classname="backend.tests.test_andrepau_api.TestProducts" name="test_get_products_list" time="0.474" /><testcase classname="backend.tests.test_andrepau_api.TestProducts" name="test_get_products_with_search" time="0.459" /><testcase classname="backend.tests.test_andrepau_api.TestProducts" name="test_get_categories" time="0.458" /><testcase classname="backend.tests.test_andrepau_api.TestProducts" name="test_casier_can_view_products" time="0.445" /><testcase classname="backend.tests.test_andrepau_api.TestExcelExport" name="test_excel_export_admin" time="1.521" /><testcase classname="backend.tests.test_andrepau_api.TestExcelExport" name="test_excel_export_casier_forbidden" time="0.490" /><testcase classname="backend.tests.test_andrepau_api.TestStock" name="test_stock_dashboard" time="0.509" /><testcase classname="backend.tests.test_andrepau_api.TestStock" name="test_stock_alerts" time="0.446" /><testcase classname="backend.tests.test_andrepau_api.TestSuppliers" name="test_get_suppliers" time="0.436" /><testcase classname="backend.tests.test_andrepau_api.TestNIR" name="test_get_nirs" time="0.461" /><testcase classname="backend.tests.test_andrepau_api.TestBackup" name="test_backup_endpoint" time="0.704" /><testcase classname="backend.tests.test_andrepau_api.TestReports" name="test_sales_report" time="0.476" /><testcase classname="backend.tests.test_andrepau_api.TestReports" name="test_top_products_report" time="0.475" /><testcase classname="backend.tests.test_cash_operations.TestFiscalSettings" name="test_get_fiscal_settings_returns_defaults" time="0.444" /><testcase classname="backend.tests.test_cash_operations.TestFiscalSettings" name="test_casier_can_read_fiscal_settings" time="0.463" /><testcase classname="backend.tests.test_cash_operations.TestFiscalSettings" name="test_post_fiscal_settings_admin_only" time="0.463" /><testcase classname="backend.tests.test_cash_operations.TestFiscalSettings" name="test_post_fiscal_settings_casier_forbidden" time="0.468" /><testcase classname="backend.tests.test_cash_operations.TestCashOperationsDailyStats" name="test_daily_stats_returns_correct_structure" time="0.495" /><testcase classname="backend.tests.test_cash_operations.TestCashOperationsDailyStats" name="test_casier_can_access_daily_stats" time="0.445" /><testcase classname="backend.tests.test_cash_operations.TestCashOperationsHistory" name="test_history_returns_operations_list" time="0.452" /><testcase classname="backend.tests.test_cash_operations.TestCashOperationsHistory" name="test_history_with_date_filter" time="0.474" /><testcase classname="backend.tests.test_cash_operations.TestCreateCashOperation" name="test_create_cash_in_operation" time="0.834" /><testcase classname="backend.tests.test_cash_operations.TestCreateCashOperation" name="test_create_cash_out_operation" time="0.869" /><testcase classname="backend.tests.test_cash_operations.TestCreateCashOperation" name="test_create_report_x_operation" time="0.850" /><testcase classname="backend.tests.test_cash_operations.TestCreateCashOperation" name="test_create_report_z_operation" time="0.818" /><testcase classname="backend.tests.test_cash_operations.TestCancelSale" name="test_cancel_non_existing_sale_returns_404" time="0.487" /><testcase classname="backend.tests.test_cash_operations.TestCancelSale" name="test_cancel_with_invalid_uuid" time="0.452" /><testcase classname="backend.tests.test_cash_operations.TestUnauthorizedAccess" name="test_daily_stats_requires_auth" time="0.130" /><testcase classname="backend.tests.test_cash_operations.TestUnauthorizedAccess" name="test_history_requires_auth" time="0.105" /><testcase classname="backend.tests.test_cash_operations.TestUnauthorizedAccess" name="test_create_operation_requires_auth" time="0.099" /><testcase classname="backend.tests.test_cash_operations.TestUnauthorizedAccess" name="test_fiscal_settings_requires_auth" time="0.118" /><testcase classname="backend.tests.test_fiscal_integration.TestAuthentication" name="test_admin_login" time="0.324" /><testcase classname="backend.tests.test_fiscal_integration.TestAuthentication" name="test_casier_login" time="0.332" /><testcase classname="backend.tests.test_fiscal_integration.TestSalesWithFiscalFields" name="test_sale_with_fiscal_number" time="0.877" /><testcase classname="backend.tests.test_fiscal_integration.TestSalesWithFiscalFields" name="test_sale_without_fiscal_receipt" time="0.931" /><testcase classname="backend.tests.test_fiscal_integration.TestCashOperations" name="test_create_cash_operation" time="0.480" /><testcase classname="backend.tests.test_fiscal_integration.TestCashOperations" name="test_get_daily_stats" time="0.452" /><testcase classname="backend.tests.test_fiscal_integration.TestCashOperations" name="test_get_operations_history" time="0.450" /><testcase classname="backend.tests.test_fiscal_integration.TestBridgeDownload" name="test_bridge_download_returns_zip" time="0.494" /><testcase classname="backend.tests.test_fiscal_integration.TestBridgeDownload" name="test_bridge_zip_contains_required_files" time="0.447" /><testcase classname="backend.tests.test_fiscal_integration.TestBridgeDownload" name="test_bridge_download_requires_auth" time="0.096" /><testcase classname="backend.tests.test_fiscal_integration.TestFiscalSettings" name="test_get_fiscal_settings" time="0.477" /><testcase classname="backend.tests.test_held_orders.TestHeldOrdersAPI" name="test_create_held_order_success" time="1.211" /><testcase classname="backend.tests.test_held_orders.TestHeldOrdersAPI" name="test_create_held_order_empty_cart" time="0.461" /><testcase classname="backend.tests.test_held_orders.TestHeldOrdersAPI" name="test_get_held_orders_list" time="0.476" /><testcase classname="backend.tests.test_held_orders.TestHeldOrdersAPI" name="test_restore_held_order" time="69.568"><failure message="AssertionError: Stock not restored: expected -19.0, got -20.0&#10;assert -20.0 == -19.0">backend/tests/test_held_orders.py:177: in test_restore_held_order
    assert stock_after_restore == initial_stock, f"Stock not restored: expected {initial_stock}, got {stock_after_restore}"
E   AssertionError: Stock not restored: expected -19.0, got -20.0
E   assert -20.0 == -19.0</failure></testcase><testcase classname="backend.tests.test_held_orders.TestHeldOrdersAPI" name="test_cancel_held_order" time="1.444" /><testcase classname="backend.tests.test_held_orders.TestHeldOrdersAPI" name="test_restore_nonexistent_order" time="0.466" /><testcase classname="backend.tests.test_held_orders.TestHeldOrdersAPI" name="test_cancel_nonexistent_order" time="0.493" /><testcase classname="backend.tests.test_held_orders.TestHeldOrdersAPI" name="test_held_order_requires_auth" time="0.199" /><testcase classname="backend.tests.test_held_orders.TestHeldOrdersAPI" name="test_held_order_with_discount" time="1.074" /><testcase classname="backend.tests.test_held_orders.TestSalesNoReceiptPreview" name="test_sale_completes_successfully" time="0.747" /></testsuite></testsuites>