<?xml version="1.0" encoding="utf-8"?><testsuites name="pytest tests"><testsuite name="pytest" errors="0" failures="0" skipped="0" tests="67" time="37.040" timestamp="2026-03-24T18:27:45.605241+00:00" hostname="agent-env-cf74192c-6411-4770-9444-9f5b3acac0b0"><testcase classname="tests.test_andrepau_api.TestAuthentication" name="test_admin_login_success" time="0.444" /><testcase classname="tests.test_andrepau_api.TestAuthentication" name="test_casier_login_success" time="0.357" /><testcase classname="tests.test_andrepau_api.TestAuthentication" name="test_login_invalid_credentials" time="0.116" /><testcase classname="tests.test_andrepau_api.TestProducts" name="test_get_products_list" time="0.485" /><testcase classname="tests.test_andrepau_api.TestProducts" name="test_get_products_with_search" time="0.477" /><testcase classname="tests.test_andrepau_api.TestProducts" name="test_get_categories" time="0.442" /><testcase classname="tests.test_andrepau_api.TestProducts" name="test_casier_can_view_products" time="0.478" /><testcase classname="tests.test_andrepau_api.TestExcelExport" name="test_excel_export_admin" time="1.530" /><testcase classname="tests.test_andrepau_api.TestExcelExport" name="test_excel_export_casier_forbidden" time="0.438" /><testcase classname="tests.test_andrepau_api.TestStock" name="test_stock_dashboard" time="0.471" /><testcase classname="tests.test_andrepau_api.TestStock" name="test_stock_alerts" time="0.516" /><testcase classname="tests.test_andrepau_api.TestSuppliers" name="test_get_suppliers" time="0.443" /><testcase classname="tests.test_andrepau_api.TestNIR" name="test_get_nirs" time="0.463" /><testcase classname="tests.test_andrepau_api.TestBackup" name="test_backup_endpoint" time="0.686" /><testcase classname="tests.test_andrepau_api.TestReports" name="test_sales_report" time="0.439" /><testcase classname="tests.test_andrepau_api.TestReports" name="test_top_products_report" time="0.457" /><testcase classname="tests.test_cash_operations.TestFiscalSettings" name="test_get_fiscal_settings_returns_defaults" time="0.451" /><testcase classname="tests.test_cash_operations.TestFiscalSettings" name="test_casier_can_read_fiscal_settings" time="0.429" /><testcase classname="tests.test_cash_operations.TestFiscalSettings" name="test_post_fiscal_settings_admin_only" time="0.452" /><testcase classname="tests.test_cash_operations.TestFiscalSettings" name="test_post_fiscal_settings_casier_forbidden" time="0.467" /><testcase classname="tests.test_cash_operations.TestCashOperationsDailyStats" name="test_daily_stats_returns_correct_structure" time="0.449" /><testcase classname="tests.test_cash_operations.TestCashOperationsDailyStats" name="test_casier_can_access_daily_stats" time="0.461" /><testcase classname="tests.test_cash_operations.TestCashOperationsHistory" name="test_history_returns_operations_list" time="0.468" /><testcase classname="tests.test_cash_operations.TestCashOperationsHistory" name="test_history_with_date_filter" time="0.439" /><testcase classname="tests.test_cash_operations.TestCreateCashOperation" name="test_create_cash_in_operation" time="0.777" /><testcase classname="tests.test_cash_operations.TestCreateCashOperation" name="test_create_cash_out_operation" time="0.761" /><testcase classname="tests.test_cash_operations.TestCreateCashOperation" name="test_create_report_x_operation" time="0.776" /><testcase classname="tests.test_cash_operations.TestCreateCashOperation" name="test_create_report_z_operation" time="0.813" /><testcase classname="tests.test_cash_operations.TestCancelSale" name="test_cancel_non_existing_sale_returns_404" time="0.459" /><testcase classname="tests.test_cash_operations.TestCancelSale" name="test_cancel_with_invalid_uuid" time="0.498" /><testcase classname="tests.test_cash_operations.TestUnauthorizedAccess" name="test_daily_stats_requires_auth" time="0.133" /><testcase classname="tests.test_cash_operations.TestUnauthorizedAccess" name="test_history_requires_auth" time="0.100" /><testcase classname="tests.test_cash_operations.TestUnauthorizedAccess" name="test_create_operation_requires_auth" time="0.132" /><testcase classname="tests.test_cash_operations.TestUnauthorizedAccess" name="test_fiscal_settings_requires_auth" time="0.149" /><testcase classname="tests.test_fiscal_integration.TestAuthentication" name="test_admin_login" time="0.342" /><testcase classname="tests.test_fiscal_integration.TestAuthentication" name="test_casier_login" time="0.333" /><testcase classname="tests.test_fiscal_integration.TestSalesWithFiscalFields" name="test_sale_with_fiscal_number" time="0.902" /><testcase classname="tests.test_fiscal_integration.TestSalesWithFiscalFields" name="test_sale_without_fiscal_receipt" time="0.877" /><testcase classname="tests.test_fiscal_integration.TestCashOperations" name="test_create_cash_operation" time="0.438" /><testcase classname="tests.test_fiscal_integration.TestCashOperations" name="test_get_daily_stats" time="0.438" /><testcase classname="tests.test_fiscal_integration.TestCashOperations" name="test_get_operations_history" time="0.489" /><testcase classname="tests.test_fiscal_integration.TestBridgeDownload" name="test_bridge_download_returns_zip" time="0.455" /><testcase classname="tests.test_fiscal_integration.TestBridgeDownload" name="test_bridge_zip_contains_required_files" time="0.442" /><testcase classname="tests.test_fiscal_integration.TestBridgeDownload" name="test_bridge_download_requires_auth" time="0.100" /><testcase classname="tests.test_fiscal_integration.TestFiscalSettings" name="test_get_fiscal_settings" time="0.453" /><testcase classname="tests.test_held_orders.TestHeldOrdersAPI" name="test_create_held_order_success" time="1.174" /><testcase classname="tests.test_held_orders.TestHeldOrdersAPI" name="test_create_held_order_empty_cart" time="0.473" /><testcase classname="tests.test_held_orders.TestHeldOrdersAPI" name="test_get_held_orders_list" time="0.447" /><testcase classname="tests.test_held_orders.TestHeldOrdersAPI" name="test_restore_held_order" time="1.365" /><testcase classname="tests.test_held_orders.TestHeldOrdersAPI" name="test_cancel_held_order" time="1.424" /><testcase classname="tests.test_held_orders.TestHeldOrdersAPI" name="test_restore_nonexistent_order" time="0.418" /><testcase classname="tests.test_held_orders.TestHeldOrdersAPI" name="test_cancel_nonexistent_order" time="0.485" /><testcase classname="tests.test_held_orders.TestHeldOrdersAPI" name="test_held_order_requires_auth" time="0.205" /><testcase classname="tests.test_held_orders.TestHeldOrdersAPI" name="test_held_order_with_discount" time="1.032" /><testcase classname="tests.test_held_orders.TestSalesNoReceiptPreview" name="test_sale_completes_successfully" time="0.658" /><testcase classname="tests.test_new_features_iteration7.TestTransactionIdDuplicatePrevention" name="test_sale_with_transaction_id_prevents_duplicate" time="0.705" /><testcase classname="tests.test_new_features_iteration7.TestTransactionIdDuplicatePrevention" name="test_sale_without_transaction_id_works_normally" time="0.783" /><testcase classname="tests.test_new_features_iteration7.TestEnhancedStockAlerts" name="test_stock_alerts_returns_severity_field" time="0.532" /><testcase classname="tests.test_new_features_iteration7.TestEnhancedStockAlerts" name="test_stock_alerts_sorted_by_severity_then_deficit" time="0.502" /><testcase classname="tests.test_new_features_iteration7.TestEnhancedStockAlerts" name="test_stock_alerts_deficit_calculation" time="0.525" /><testcase classname="tests.test_new_features_iteration7.TestHeldOrdersExpiry" name="test_held_order_creation_deducts_stock" time="0.977" /><testcase classname="tests.test_new_features_iteration7.TestHeldOrdersExpiry" name="test_expire_old_held_orders_does_not_restore_stock" time="0.586" /><testcase classname="tests.test_new_features_iteration7.TestProfessionalLogging" name="test_sale_creation_logged_with_sale_prefix" time="0.558" /><testcase classname="tests.test_new_features_iteration7.TestProfessionalLogging" name="test_duplicate_blocked_logged_as_warning" time="0.672" /><testcase classname="tests.test_new_features_iteration7.TestProfessionalLogging" name="test_cash_operation_logged" time="0.552" /><testcase classname="tests.test_new_features_iteration7.TestProfessionalLogging" name="test_fiscal_job_logged" time="0.569" /><testcase classname="tests.test_new_features_iteration7.TestPOSTransactionIdIntegration" name="test_sale_response_includes_transaction_id" time="0.575" /></testsuite></testsuites>