<?xml version="1.0" encoding="utf-8"?><testsuites name="pytest tests"><testsuite name="pytest" errors="0" failures="0" skipped="0" tests="34" time="16.523" timestamp="2026-03-02T14:09:37.024976+00:00" hostname="agent-env-39b0d600-4d07-43bb-ba03-afb24cd87df0"><testcase classname="backend.tests.test_andrepau_api.TestAuthentication" name="test_admin_login_success" time="0.359" /><testcase classname="backend.tests.test_andrepau_api.TestAuthentication" name="test_casier_login_success" time="0.328" /><testcase classname="backend.tests.test_andrepau_api.TestAuthentication" name="test_login_invalid_credentials" time="0.142" /><testcase classname="backend.tests.test_andrepau_api.TestProducts" name="test_get_products_list" time="0.438" /><testcase classname="backend.tests.test_andrepau_api.TestProducts" name="test_get_products_with_search" time="0.476" /><testcase classname="backend.tests.test_andrepau_api.TestProducts" name="test_get_categories" time="0.460" /><testcase classname="backend.tests.test_andrepau_api.TestProducts" name="test_casier_can_view_products" time="0.498" /><testcase classname="backend.tests.test_andrepau_api.TestExcelExport" name="test_excel_export_admin" time="1.523" /><testcase classname="backend.tests.test_andrepau_api.TestExcelExport" name="test_excel_export_casier_forbidden" time="0.453" /><testcase classname="backend.tests.test_andrepau_api.TestStock" name="test_stock_dashboard" time="0.509" /><testcase classname="backend.tests.test_andrepau_api.TestStock" name="test_stock_alerts" time="0.441" /><testcase classname="backend.tests.test_andrepau_api.TestSuppliers" name="test_get_suppliers" time="0.462" /><testcase classname="backend.tests.test_andrepau_api.TestNIR" name="test_get_nirs" time="0.510" /><testcase classname="backend.tests.test_andrepau_api.TestBackup" name="test_backup_endpoint" time="0.687" /><testcase classname="backend.tests.test_andrepau_api.TestReports" name="test_sales_report" time="0.431" /><testcase classname="backend.tests.test_andrepau_api.TestReports" name="test_top_products_report" time="0.484" /><testcase classname="backend.tests.test_cash_operations.TestFiscalSettings" name="test_get_fiscal_settings_returns_defaults" time="0.472" /><testcase classname="backend.tests.test_cash_operations.TestFiscalSettings" name="test_casier_can_read_fiscal_settings" time="0.448" /><testcase classname="backend.tests.test_cash_operations.TestFiscalSettings" name="test_post_fiscal_settings_admin_only" time="0.456" /><testcase classname="backend.tests.test_cash_operations.TestFiscalSettings" name="test_post_fiscal_settings_casier_forbidden" time="0.447" /><testcase classname="backend.tests.test_cash_operations.TestCashOperationsDailyStats" name="test_daily_stats_returns_correct_structure" time="0.479" /><testcase classname="backend.tests.test_cash_operations.TestCashOperationsDailyStats" name="test_casier_can_access_daily_stats" time="0.448" /><testcase classname="backend.tests.test_cash_operations.TestCashOperationsHistory" name="test_history_returns_operations_list" time="0.442" /><testcase classname="backend.tests.test_cash_operations.TestCashOperationsHistory" name="test_history_with_date_filter" time="0.464" /><testcase classname="backend.tests.test_cash_operations.TestCreateCashOperation" name="test_create_cash_in_operation" time="0.811" /><testcase classname="backend.tests.test_cash_operations.TestCreateCashOperation" name="test_create_cash_out_operation" time="0.798" /><testcase classname="backend.tests.test_cash_operations.TestCreateCashOperation" name="test_create_report_x_operation" time="0.801" /><testcase classname="backend.tests.test_cash_operations.TestCreateCashOperation" name="test_create_report_z_operation" time="0.783" /><testcase classname="backend.tests.test_cash_operations.TestCancelSale" name="test_cancel_non_existing_sale_returns_404" time="0.475" /><testcase classname="backend.tests.test_cash_operations.TestCancelSale" name="test_cancel_with_invalid_uuid" time="0.446" /><testcase classname="backend.tests.test_cash_operations.TestUnauthorizedAccess" name="test_daily_stats_requires_auth" time="0.122" /><testcase classname="backend.tests.test_cash_operations.TestUnauthorizedAccess" name="test_history_requires_auth" time="0.115" /><testcase classname="backend.tests.test_cash_operations.TestUnauthorizedAccess" name="test_create_operation_requires_auth" time="0.130" /><testcase classname="backend.tests.test_cash_operations.TestUnauthorizedAccess" name="test_fiscal_settings_requires_auth" time="0.110" /></testsuite></testsuites>