<?xml version="1.0" encoding="utf-8"?><testsuites name="pytest tests"><testsuite name="pytest" errors="0" failures="0" skipped="0" tests="45" time="23.288" timestamp="2026-03-10T18:54:52.548181+00:00" hostname="agent-env-cf74192c-6411-4770-9444-9f5b3acac0b0"><testcase classname="backend.tests.test_andrepau_api.TestAuthentication" name="test_admin_login_success" time="0.358" /><testcase classname="backend.tests.test_andrepau_api.TestAuthentication" name="test_casier_login_success" time="0.384" /><testcase classname="backend.tests.test_andrepau_api.TestAuthentication" name="test_login_invalid_credentials" time="0.108" /><testcase classname="backend.tests.test_andrepau_api.TestProducts" name="test_get_products_list" time="0.520" /><testcase classname="backend.tests.test_andrepau_api.TestProducts" name="test_get_products_with_search" time="0.523" /><testcase classname="backend.tests.test_andrepau_api.TestProducts" name="test_get_categories" time="0.519" /><testcase classname="backend.tests.test_andrepau_api.TestProducts" name="test_casier_can_view_products" time="0.468" /><testcase classname="backend.tests.test_andrepau_api.TestExcelExport" name="test_excel_export_admin" time="1.556" /><testcase classname="backend.tests.test_andrepau_api.TestExcelExport" name="test_excel_export_casier_forbidden" time="0.488" /><testcase classname="backend.tests.test_andrepau_api.TestStock" name="test_stock_dashboard" time="0.479" /><testcase classname="backend.tests.test_andrepau_api.TestStock" name="test_stock_alerts" time="0.471" /><testcase classname="backend.tests.test_andrepau_api.TestSuppliers" name="test_get_suppliers" time="0.564" /><testcase classname="backend.tests.test_andrepau_api.TestNIR" name="test_get_nirs" time="0.491" /><testcase classname="backend.tests.test_andrepau_api.TestBackup" name="test_backup_endpoint" time="0.715" /><testcase classname="backend.tests.test_andrepau_api.TestReports" name="test_sales_report" time="0.493" /><testcase classname="backend.tests.test_andrepau_api.TestReports" name="test_top_products_report" time="0.509" /><testcase classname="backend.tests.test_cash_operations.TestFiscalSettings" name="test_get_fiscal_settings_returns_defaults" time="0.459" /><testcase classname="backend.tests.test_cash_operations.TestFiscalSettings" name="test_casier_can_read_fiscal_settings" time="0.502" /><testcase classname="backend.tests.test_cash_operations.TestFiscalSettings" name="test_post_fiscal_settings_admin_only" time="0.465" /><testcase classname="backend.tests.test_cash_operations.TestFiscalSettings" name="test_post_fiscal_settings_casier_forbidden" time="0.464" /><testcase classname="backend.tests.test_cash_operations.TestCashOperationsDailyStats" name="test_daily_stats_returns_correct_structure" time="0.674" /><testcase classname="backend.tests.test_cash_operations.TestCashOperationsDailyStats" name="test_casier_can_access_daily_stats" time="0.525" /><testcase classname="backend.tests.test_cash_operations.TestCashOperationsHistory" name="test_history_returns_operations_list" time="0.444" /><testcase classname="backend.tests.test_cash_operations.TestCashOperationsHistory" name="test_history_with_date_filter" time="0.468" /><testcase classname="backend.tests.test_cash_operations.TestCreateCashOperation" name="test_create_cash_in_operation" time="0.839" /><testcase classname="backend.tests.test_cash_operations.TestCreateCashOperation" name="test_create_cash_out_operation" time="0.862" /><testcase classname="backend.tests.test_cash_operations.TestCreateCashOperation" name="test_create_report_x_operation" time="0.851" /><testcase classname="backend.tests.test_cash_operations.TestCreateCashOperation" name="test_create_report_z_operation" time="1.085" /><testcase classname="backend.tests.test_cash_operations.TestCancelSale" name="test_cancel_non_existing_sale_returns_404" time="0.457" /><testcase classname="backend.tests.test_cash_operations.TestCancelSale" name="test_cancel_with_invalid_uuid" time="0.467" /><testcase classname="backend.tests.test_cash_operations.TestUnauthorizedAccess" name="test_daily_stats_requires_auth" time="0.115" /><testcase classname="backend.tests.test_cash_operations.TestUnauthorizedAccess" name="test_history_requires_auth" time="0.107" /><testcase classname="backend.tests.test_cash_operations.TestUnauthorizedAccess" name="test_create_operation_requires_auth" time="0.138" /><testcase classname="backend.tests.test_cash_operations.TestUnauthorizedAccess" name="test_fiscal_settings_requires_auth" time="0.124" /><testcase classname="backend.tests.test_fiscal_integration.TestAuthentication" name="test_admin_login" time="0.338" /><testcase classname="backend.tests.test_fiscal_integration.TestAuthentication" name="test_casier_login" time="0.429" /><testcase classname="backend.tests.test_fiscal_integration.TestSalesWithFiscalFields" name="test_sale_with_fiscal_number" time="0.887" /><testcase classname="backend.tests.test_fiscal_integration.TestSalesWithFiscalFields" name="test_sale_without_fiscal_receipt" time="0.992" /><testcase classname="backend.tests.test_fiscal_integration.TestCashOperations" name="test_create_cash_operation" time="0.477" /><testcase classname="backend.tests.test_fiscal_integration.TestCashOperations" name="test_get_daily_stats" time="0.466" /><testcase classname="backend.tests.test_fiscal_integration.TestCashOperations" name="test_get_operations_history" time="0.449" /><testcase classname="backend.tests.test_fiscal_integration.TestBridgeDownload" name="test_bridge_download_returns_zip" time="0.449" /><testcase classname="backend.tests.test_fiscal_integration.TestBridgeDownload" name="test_bridge_zip_contains_required_files" time="0.464" /><testcase classname="backend.tests.test_fiscal_integration.TestBridgeDownload" name="test_bridge_download_requires_auth" time="0.112" /><testcase classname="backend.tests.test_fiscal_integration.TestFiscalSettings" name="test_get_fiscal_settings" time="0.446" /></testsuite></testsuites>