<?xml version="1.0" encoding="utf-8"?><testsuites name="pytest tests"><testsuite name="pytest" errors="0" failures="0" skipped="0" tests="18" time="8.474" timestamp="2026-03-02T14:07:50.912201+00:00" hostname="agent-env-39b0d600-4d07-43bb-ba03-afb24cd87df0"><testcase classname="backend.tests.test_cash_operations.TestFiscalSettings" name="test_get_fiscal_settings_returns_defaults" time="0.591" /><testcase classname="backend.tests.test_cash_operations.TestFiscalSettings" name="test_casier_can_read_fiscal_settings" time="0.455" /><testcase classname="backend.tests.test_cash_operations.TestFiscalSettings" name="test_post_fiscal_settings_admin_only" time="0.445" /><testcase classname="backend.tests.test_cash_operations.TestFiscalSettings" name="test_post_fiscal_settings_casier_forbidden" time="0.461" /><testcase classname="backend.tests.test_cash_operations.TestCashOperationsDailyStats" name="test_daily_stats_returns_correct_structure" time="0.461" /><testcase classname="backend.tests.test_cash_operations.TestCashOperationsDailyStats" name="test_casier_can_access_daily_stats" time="0.460" /><testcase classname="backend.tests.test_cash_operations.TestCashOperationsHistory" name="test_history_returns_operations_list" time="0.446" /><testcase classname="backend.tests.test_cash_operations.TestCashOperationsHistory" name="test_history_with_date_filter" time="0.454" /><testcase classname="backend.tests.test_cash_operations.TestCreateCashOperation" name="test_create_cash_in_operation" time="0.872" /><testcase classname="backend.tests.test_cash_operations.TestCreateCashOperation" name="test_create_cash_out_operation" time="0.864" /><testcase classname="backend.tests.test_cash_operations.TestCreateCashOperation" name="test_create_report_x_operation" time="0.805" /><testcase classname="backend.tests.test_cash_operations.TestCreateCashOperation" name="test_create_report_z_operation" time="0.807" /><testcase classname="backend.tests.test_cash_operations.TestCancelSale" name="test_cancel_non_existing_sale_returns_404" time="0.437" /><testcase classname="backend.tests.test_cash_operations.TestCancelSale" name="test_cancel_with_invalid_uuid" time="0.419" /><testcase classname="backend.tests.test_cash_operations.TestUnauthorizedAccess" name="test_daily_stats_requires_auth" time="0.104" /><testcase classname="backend.tests.test_cash_operations.TestUnauthorizedAccess" name="test_history_requires_auth" time="0.108" /><testcase classname="backend.tests.test_cash_operations.TestUnauthorizedAccess" name="test_create_operation_requires_auth" time="0.106" /><testcase classname="backend.tests.test_cash_operations.TestUnauthorizedAccess" name="test_fiscal_settings_requires_auth" time="0.103" /></testsuite></testsuites>