<?xml version="1.0" encoding="utf-8"?><testsuites name="pytest tests"><testsuite name="pytest" errors="0" failures="0" skipped="0" tests="11" time="6.079" timestamp="2026-03-10T18:52:59.560577+00:00" hostname="agent-env-cf74192c-6411-4770-9444-9f5b3acac0b0"><testcase classname="backend.tests.test_fiscal_integration.TestAuthentication" name="test_admin_login" time="0.394" /><testcase classname="backend.tests.test_fiscal_integration.TestAuthentication" name="test_casier_login" time="0.334" /><testcase classname="backend.tests.test_fiscal_integration.TestSalesWithFiscalFields" name="test_sale_with_fiscal_number" time="1.108" /><testcase classname="backend.tests.test_fiscal_integration.TestSalesWithFiscalFields" name="test_sale_without_fiscal_receipt" time="1.011" /><testcase classname="backend.tests.test_fiscal_integration.TestCashOperations" name="test_create_cash_operation" time="0.447" /><testcase classname="backend.tests.test_fiscal_integration.TestCashOperations" name="test_get_daily_stats" time="0.570" /><testcase classname="backend.tests.test_fiscal_integration.TestCashOperations" name="test_get_operations_history" time="0.488" /><testcase classname="backend.tests.test_fiscal_integration.TestBridgeDownload" name="test_bridge_download_returns_zip" time="0.497" /><testcase classname="backend.tests.test_fiscal_integration.TestBridgeDownload" name="test_bridge_zip_contains_required_files" time="0.474" /><testcase classname="backend.tests.test_fiscal_integration.TestBridgeDownload" name="test_bridge_download_requires_auth" time="0.158" /><testcase classname="backend.tests.test_fiscal_integration.TestFiscalSettings" name="test_get_fiscal_settings" time="0.477" /></testsuite></testsuites>