<?xml version="1.0" encoding="utf-8"?><testsuites name="pytest tests"><testsuite name="pytest" errors="0" failures="0" skipped="0" tests="10" time="8.249" timestamp="2026-03-24T18:09:29.619118+00:00" hostname="agent-env-cf74192c-6411-4770-9444-9f5b3acac0b0"><testcase classname="backend.tests.test_held_orders.TestHeldOrdersAPI" name="test_create_held_order_success" time="1.426" /><testcase classname="backend.tests.test_held_orders.TestHeldOrdersAPI" name="test_create_held_order_empty_cart" time="0.466" /><testcase classname="backend.tests.test_held_orders.TestHeldOrdersAPI" name="test_get_held_orders_list" time="0.448" /><testcase classname="backend.tests.test_held_orders.TestHeldOrdersAPI" name="test_restore_held_order" time="1.526" /><testcase classname="backend.tests.test_held_orders.TestHeldOrdersAPI" name="test_cancel_held_order" time="1.459" /><testcase classname="backend.tests.test_held_orders.TestHeldOrdersAPI" name="test_restore_nonexistent_order" time="0.444" /><testcase classname="backend.tests.test_held_orders.TestHeldOrdersAPI" name="test_cancel_nonexistent_order" time="0.428" /><testcase classname="backend.tests.test_held_orders.TestHeldOrdersAPI" name="test_held_order_requires_auth" time="0.217" /><testcase classname="backend.tests.test_held_orders.TestHeldOrdersAPI" name="test_held_order_with_discount" time="1.043" /><testcase classname="backend.tests.test_held_orders.TestSalesNoReceiptPreview" name="test_sale_completes_successfully" time="0.678" /></testsuite></testsuites>