<?xml version="1.0" encoding="utf-8"?><testsuites name="pytest tests"><testsuite name="pytest" errors="0" failures="0" skipped="0" tests="18" time="5.929" timestamp="2026-03-28T10:33:13.463247+00:00" hostname="agent-env-8fe090be-dbd3-4470-b245-815b49fa984e"><testcase classname="backend.tests.test_csv_pdf_import_iteration9.TestCSVTemplate" name="test_csv_template_requires_auth" time="0.199" /><testcase classname="backend.tests.test_csv_pdf_import_iteration9.TestCSVTemplate" name="test_csv_template_requires_admin" time="0.437" /><testcase classname="backend.tests.test_csv_pdf_import_iteration9.TestCSVTemplate" name="test_csv_template_download" time="0.461" /><testcase classname="backend.tests.test_csv_pdf_import_iteration9.TestCSVImport" name="test_csv_import_requires_auth" time="0.109" /><testcase classname="backend.tests.test_csv_pdf_import_iteration9.TestCSVImport" name="test_csv_import_requires_admin" time="0.436" /><testcase classname="backend.tests.test_csv_pdf_import_iteration9.TestCSVImport" name="test_csv_import_rejects_non_csv" time="0.416" /><testcase classname="backend.tests.test_csv_pdf_import_iteration9.TestCSVImport" name="test_csv_import_parse_valid_csv" time="0.106" /><testcase classname="backend.tests.test_csv_pdf_import_iteration9.TestCSVImport" name="test_csv_import_semicolon_delimiter" time="0.112" /><testcase classname="backend.tests.test_csv_pdf_import_iteration9.TestCSVImport" name="test_csv_import_missing_required_columns" time="0.094" /><testcase classname="backend.tests.test_csv_pdf_import_iteration9.TestCSVImportConfirm" name="test_csv_confirm_requires_auth" time="0.106" /><testcase classname="backend.tests.test_csv_pdf_import_iteration9.TestCSVImportConfirm" name="test_csv_confirm_requires_admin" time="0.426" /><testcase classname="backend.tests.test_csv_pdf_import_iteration9.TestCSVImportConfirm" name="test_csv_confirm_empty_items" time="0.457" /><testcase classname="backend.tests.test_csv_pdf_import_iteration9.TestCSVImportConfirm" name="test_csv_confirm_create_product" time="0.320" /><testcase classname="backend.tests.test_csv_pdf_import_iteration9.TestPDFImport" name="test_pdf_parse_requires_auth" time="0.097" /><testcase classname="backend.tests.test_csv_pdf_import_iteration9.TestPDFImport" name="test_pdf_parse_requires_admin" time="0.445" /><testcase classname="backend.tests.test_csv_pdf_import_iteration9.TestPDFImport" name="test_pdf_parse_rejects_non_pdf" time="0.418" /><testcase classname="backend.tests.test_csv_pdf_import_iteration9.TestPDFImport" name="test_pdf_parse_valid_pdf_structure" time="0.223" /><testcase classname="backend.tests.test_csv_pdf_import_iteration9.TestEndToEndCSVImport" name="test_full_csv_import_flow" time="0.858" /></testsuite></testsuites>