<?xml version="1.0" encoding="utf-8"?><testsuites name="pytest tests"><testsuite name="pytest" errors="0" failures="0" skipped="0" tests="26" time="5.071" timestamp="2026-03-28T10:46:25.523562+00:00" hostname="agent-env-8fe090be-dbd3-4470-b245-815b49fa984e"><testcase classname="backend.tests.test_iteration10_pdf_barcode_csv.TestPdfParsing" name="test_parse_pdf_requires_auth" time="0.217" /><testcase classname="backend.tests.test_iteration10_pdf_barcode_csv.TestPdfParsing" name="test_parse_pdf_requires_admin" time="0.515" /><testcase classname="backend.tests.test_iteration10_pdf_barcode_csv.TestPdfParsing" name="test_parse_pdf_rejects_non_pdf" time="0.433" /><testcase classname="backend.tests.test_iteration10_pdf_barcode_csv.TestPdfParsing" name="test_parse_pdf_extracts_4_products" time="0.221" /><testcase classname="backend.tests.test_iteration10_pdf_barcode_csv.TestPdfParsing" name="test_parse_pdf_extracts_invoice_number" time="0.167" /><testcase classname="backend.tests.test_iteration10_pdf_barcode_csv.TestPdfParsing" name="test_parse_pdf_extracts_supplier_name" time="0.166" /><testcase classname="backend.tests.test_iteration10_pdf_barcode_csv.TestPdfParsing" name="test_parse_pdf_extracts_correct_product_names" time="0.163" /><testcase classname="backend.tests.test_iteration10_pdf_barcode_csv.TestPdfParsing" name="test_parse_pdf_extracts_correct_quantities" time="0.166" /><testcase classname="backend.tests.test_iteration10_pdf_barcode_csv.TestPdfParsing" name="test_parse_pdf_extracts_correct_prices" time="0.170" /><testcase classname="backend.tests.test_iteration10_pdf_barcode_csv.TestBulkBarcodeUpdate" name="test_bulk_barcode_requires_auth" time="0.098" /><testcase classname="backend.tests.test_iteration10_pdf_barcode_csv.TestBulkBarcodeUpdate" name="test_bulk_barcode_requires_admin" time="0.117" /><testcase classname="backend.tests.test_iteration10_pdf_barcode_csv.TestBulkBarcodeUpdate" name="test_bulk_barcode_rejects_empty_updates" time="0.110" /><testcase classname="backend.tests.test_iteration10_pdf_barcode_csv.TestBulkBarcodeUpdate" name="test_bulk_barcode_updates_products" time="0.477" /><testcase classname="backend.tests.test_iteration10_pdf_barcode_csv.TestCsvTemplate" name="test_csv_template_requires_auth" time="0.105" /><testcase classname="backend.tests.test_iteration10_pdf_barcode_csv.TestCsvTemplate" name="test_csv_template_requires_admin" time="0.115" /><testcase classname="backend.tests.test_iteration10_pdf_barcode_csv.TestCsvTemplate" name="test_csv_template_returns_csv" time="0.103" /><testcase classname="backend.tests.test_iteration10_pdf_barcode_csv.TestCsvImport" name="test_csv_import_requires_auth" time="0.099" /><testcase classname="backend.tests.test_iteration10_pdf_barcode_csv.TestCsvImport" name="test_csv_import_requires_admin" time="0.101" /><testcase classname="backend.tests.test_iteration10_pdf_barcode_csv.TestCsvImport" name="test_csv_import_rejects_non_csv" time="0.103" /><testcase classname="backend.tests.test_iteration10_pdf_barcode_csv.TestCsvImport" name="test_csv_import_parses_valid_csv" time="0.107" /><testcase classname="backend.tests.test_iteration10_pdf_barcode_csv.TestCsvImport" name="test_csv_import_handles_semicolon_delimiter" time="0.114" /><testcase classname="backend.tests.test_iteration10_pdf_barcode_csv.TestCsvImportConfirm" name="test_csv_confirm_requires_auth" time="0.098" /><testcase classname="backend.tests.test_iteration10_pdf_barcode_csv.TestCsvImportConfirm" name="test_csv_confirm_requires_admin" time="0.096" /><testcase classname="backend.tests.test_iteration10_pdf_barcode_csv.TestCsvImportConfirm" name="test_csv_confirm_rejects_empty_items" time="0.104" /><testcase classname="backend.tests.test_iteration10_pdf_barcode_csv.TestCsvImportConfirm" name="test_csv_confirm_creates_products" time="0.382" /><testcase classname="backend.tests.test_iteration10_pdf_barcode_csv.TestNirAndBarcodeFlow" name="test_nir_creation_flow" time="0.425" /></testsuite></testsuites>