<?xml version="1.0" encoding="utf-8"?><testsuites name="pytest tests"><testsuite name="pytest" errors="0" failures="0" skipped="0" tests="11" time="2.038" timestamp="2026-04-01T15:33:05.248127+00:00" hostname="agent-env-f950cbf3-038f-4279-93b1-d82407d57b7b"><testcase classname="backend.tests.test_iteration15_sync_defaults.TestSyncHealth" name="test_sync_health_returns_ok" time="0.216" /><testcase classname="backend.tests.test_iteration15_sync_defaults.TestSyncPendingCount" name="test_pending_count_requires_auth" time="0.119" /><testcase classname="backend.tests.test_iteration15_sync_defaults.TestSyncPendingCount" name="test_pending_count_with_auth" time="0.548" /><testcase classname="backend.tests.test_iteration15_sync_defaults.TestSyncReceiveDefaults" name="test_receive_rejects_invalid_secret" time="0.129" /><testcase classname="backend.tests.test_iteration15_sync_defaults.TestSyncReceiveDefaults" name="test_receive_accepts_valid_secret_empty_sales" time="0.112" /><testcase classname="backend.tests.test_iteration15_sync_defaults.TestSyncReceiveDefaults" name="test_receive_adds_defaults_for_numerar_payment" time="0.122" /><testcase classname="backend.tests.test_iteration15_sync_defaults.TestSyncReceiveDefaults" name="test_receive_adds_defaults_for_card_payment" time="0.146" /><testcase classname="backend.tests.test_iteration15_sync_defaults.TestSyncReceiveDefaults" name="test_receive_adds_defaults_for_missing_items" time="0.111" /><testcase classname="backend.tests.test_iteration15_sync_defaults.TestSyncReceiveDefaults" name="test_receive_detects_duplicate_by_transaction_id" time="0.224" /><testcase classname="backend.tests.test_iteration15_sync_defaults.TestBridgeDownload" name="test_bridge_download_returns_zip" time="0.140" /><testcase classname="backend.tests.test_iteration15_sync_defaults.TestAPIRoot" name="test_api_root_returns_version" time="0.100" /></testsuite></testsuites>