<?xml version="1.0" encoding="utf-8"?><testsuites name="pytest tests"><testsuite name="pytest" errors="0" failures="0" skipped="0" tests="16" time="2.610" timestamp="2026-04-01T15:14:07.853509+00:00" hostname="agent-env-f950cbf3-038f-4279-93b1-d82407d57b7b"><testcase classname="backend.tests.test_iteration14_sync.TestSyncHealth" name="test_sync_health_returns_ok" time="0.214" /><testcase classname="backend.tests.test_iteration14_sync.TestSyncAuthentication" name="test_pending_count_requires_auth" time="0.114" /><testcase classname="backend.tests.test_iteration14_sync.TestSyncAuthentication" name="test_pending_sales_requires_auth" time="0.135" /><testcase classname="backend.tests.test_iteration14_sync.TestSyncAuthentication" name="test_mark_done_requires_auth" time="0.128" /><testcase classname="backend.tests.test_iteration14_sync.TestSyncPendingCount" name="test_pending_count_returns_count" time="0.492" /><testcase classname="backend.tests.test_iteration14_sync.TestSyncPendingSales" name="test_pending_sales_returns_list" time="0.117" /><testcase classname="backend.tests.test_iteration14_sync.TestSyncReceive" name="test_receive_rejects_invalid_secret" time="0.120" /><testcase classname="backend.tests.test_iteration14_sync.TestSyncReceive" name="test_receive_rejects_missing_secret" time="0.104" /><testcase classname="backend.tests.test_iteration14_sync.TestSyncReceive" name="test_receive_accepts_valid_secret_empty_sales" time="0.115" /><testcase classname="backend.tests.test_iteration14_sync.TestSyncReceive" name="test_receive_accepts_valid_sale" time="0.241" /><testcase classname="backend.tests.test_iteration14_sync.TestSyncMarkDone" name="test_mark_done_empty_list" time="0.126" /><testcase classname="backend.tests.test_iteration14_sync.TestSyncMarkDone" name="test_mark_done_nonexistent_ids" time="0.102" /><testcase classname="backend.tests.test_iteration14_sync.TestExistingEndpointsStillWork" name="test_api_root" time="0.142" /><testcase classname="backend.tests.test_iteration14_sync.TestExistingEndpointsStillWork" name="test_products_endpoint" time="0.130" /><testcase classname="backend.tests.test_iteration14_sync.TestExistingEndpointsStillWork" name="test_sales_endpoint" time="0.125" /><testcase classname="backend.tests.test_iteration14_sync.TestExistingEndpointsStillWork" name="test_bridge_download" time="0.133" /></testsuite></testsuites>