<?xml version="1.0" encoding="utf-8"?><testsuites name="pytest tests"><testsuite name="pytest" errors="0" failures="0" skipped="0" tests="19" time="7.992" timestamp="2026-04-01T14:43:36.948215+00:00" hostname="agent-env-f950cbf3-038f-4279-93b1-d82407d57b7b"><testcase classname="backend.tests.test_iteration13_local_mode.TestAPIRoot" name="test_api_root_returns_version_2_0_0" time="0.149" /><testcase classname="backend.tests.test_iteration13_local_mode.TestAuthentication" name="test_admin_login_success" time="0.344" /><testcase classname="backend.tests.test_iteration13_local_mode.TestAuthentication" name="test_casier_login_success" time="0.339" /><testcase classname="backend.tests.test_iteration13_local_mode.TestAuthentication" name="test_invalid_login_rejected" time="0.109" /><testcase classname="backend.tests.test_iteration13_local_mode.TestAuthenticatedEndpoints" name="test_products_endpoint" time="0.443" /><testcase classname="backend.tests.test_iteration13_local_mode.TestAuthenticatedEndpoints" name="test_categories_endpoint" time="0.444" /><testcase classname="backend.tests.test_iteration13_local_mode.TestAuthenticatedEndpoints" name="test_suppliers_endpoint" time="0.470" /><testcase classname="backend.tests.test_iteration13_local_mode.TestAuthenticatedEndpoints" name="test_daily_opening_summary" time="0.447" /><testcase classname="backend.tests.test_iteration13_local_mode.TestAuthenticatedEndpoints" name="test_stock_dashboard" time="0.464" /><testcase classname="backend.tests.test_iteration13_local_mode.TestAuthenticatedEndpoints" name="test_stock_alerts" time="0.532" /><testcase classname="backend.tests.test_iteration13_local_mode.TestAuthenticatedEndpoints" name="test_sales_report" time="0.464" /><testcase classname="backend.tests.test_iteration13_local_mode.TestAuthenticatedEndpoints" name="test_sales_history" time="0.461" /><testcase classname="backend.tests.test_iteration13_local_mode.TestAuthenticatedEndpoints" name="test_nir_list" time="0.463" /><testcase classname="backend.tests.test_iteration13_local_mode.TestAuthenticatedEndpoints" name="test_held_orders" time="0.468" /><testcase classname="backend.tests.test_iteration13_local_mode.TestAuthenticatedEndpoints" name="test_fiscal_bridge_status" time="0.450" /><testcase classname="backend.tests.test_iteration13_local_mode.TestAuthenticatedEndpoints" name="test_tva_settings" time="0.450" /><testcase classname="backend.tests.test_iteration13_local_mode.TestBridgeDownload" name="test_bridge_download_returns_zip" time="0.484" /><testcase classname="backend.tests.test_iteration13_local_mode.TestBridgeDownload" name="test_bridge_download_contains_local_setup" time="0.471" /><testcase classname="backend.tests.test_iteration13_local_mode.TestAuthMe" name="test_auth_me_returns_user_info" time="0.458" /></testsuite></testsuites>