<?xml version="1.0" encoding="utf-8"?><testsuites name="pytest tests"><testsuite name="pytest" errors="0" failures="0" skipped="0" tests="12" time="8.541" timestamp="2026-03-24T18:25:51.232789+00:00" hostname="agent-env-cf74192c-6411-4770-9444-9f5b3acac0b0"><testcase classname="tests.test_new_features_iteration7.TestTransactionIdDuplicatePrevention" name="test_sale_with_transaction_id_prevents_duplicate" time="1.161" /><testcase classname="tests.test_new_features_iteration7.TestTransactionIdDuplicatePrevention" name="test_sale_without_transaction_id_works_normally" time="0.821" /><testcase classname="tests.test_new_features_iteration7.TestEnhancedStockAlerts" name="test_stock_alerts_returns_severity_field" time="0.502" /><testcase classname="tests.test_new_features_iteration7.TestEnhancedStockAlerts" name="test_stock_alerts_sorted_by_severity_then_deficit" time="0.486" /><testcase classname="tests.test_new_features_iteration7.TestEnhancedStockAlerts" name="test_stock_alerts_deficit_calculation" time="0.560" /><testcase classname="tests.test_new_features_iteration7.TestHeldOrdersExpiry" name="test_held_order_creation_deducts_stock" time="1.013" /><testcase classname="tests.test_new_features_iteration7.TestHeldOrdersExpiry" name="test_expire_old_held_orders_does_not_restore_stock" time="0.594" /><testcase classname="tests.test_new_features_iteration7.TestProfessionalLogging" name="test_sale_creation_logged_with_sale_prefix" time="0.574" /><testcase classname="tests.test_new_features_iteration7.TestProfessionalLogging" name="test_duplicate_blocked_logged_as_warning" time="0.890" /><testcase classname="tests.test_new_features_iteration7.TestProfessionalLogging" name="test_cash_operation_logged" time="0.597" /><testcase classname="tests.test_new_features_iteration7.TestProfessionalLogging" name="test_fiscal_job_logged" time="0.618" /><testcase classname="tests.test_new_features_iteration7.TestPOSTransactionIdIntegration" name="test_sale_response_includes_transaction_id" time="0.639" /></testsuite></testsuites>