<?xml version="1.0" encoding="utf-8"?><testsuites name="pytest tests"><testsuite name="pytest" errors="0" failures="0" skipped="0" tests="17" time="12.982" timestamp="2026-03-31T18:54:22.731356+00:00" hostname="agent-env-4bf0514b-584f-4cac-8a97-3b38ad053dc3"><testcase classname="backend.tests.test_iteration12_refactoring.TestAuthRoutes" name="test_admin_login" time="0.425" /><testcase classname="backend.tests.test_iteration12_refactoring.TestAuthRoutes" name="test_casier_login" time="0.373" /><testcase classname="backend.tests.test_iteration12_refactoring.TestAuthRoutes" name="test_invalid_login" time="0.131" /><testcase classname="backend.tests.test_iteration12_refactoring.TestProductsRoutes" name="test_get_products_paginated" time="0.456" /><testcase classname="backend.tests.test_iteration12_refactoring.TestProductsRoutes" name="test_get_categories" time="0.529" /><testcase classname="backend.tests.test_iteration12_refactoring.TestSuppliersRoutes" name="test_get_suppliers" time="0.513" /><testcase classname="backend.tests.test_iteration12_refactoring.TestCashRoutes" name="test_get_opening_summary" time="0.467" /><testcase classname="backend.tests.test_iteration12_refactoring.TestCashRoutes" name="test_get_tva_settings" time="0.487" /><testcase classname="backend.tests.test_iteration12_refactoring.TestCashRoutes" name="test_create_cash_operation" time="0.474" /><testcase classname="backend.tests.test_iteration12_refactoring.TestReportsRoutes" name="test_get_stock_dashboard" time="0.496" /><testcase classname="backend.tests.test_iteration12_refactoring.TestReportsRoutes" name="test_get_sales_report" time="0.458" /><testcase classname="backend.tests.test_iteration12_refactoring.TestBridgeRoutes" name="test_get_bridge_status" time="0.473" /><testcase classname="backend.tests.test_iteration12_refactoring.TestSalesRoutes" name="test_get_sales_history" time="0.448" /><testcase classname="backend.tests.test_iteration12_refactoring.TestNIRRoutes" name="test_get_nir_list" time="6.013" /><testcase classname="backend.tests.test_iteration12_refactoring.TestHeldOrdersRoutes" name="test_get_held_orders" time="0.467" /><testcase classname="backend.tests.test_iteration12_refactoring.TestStockAlertsRoutes" name="test_get_stock_alerts" time="0.527" /><testcase classname="backend.tests.test_iteration12_refactoring.TestAPIRoot" name="test_api_root" time="0.114" /></testsuite></testsuites>