<?xml version="1.0" encoding="utf-8"?><testsuites name="pytest tests"><testsuite name="pytest" errors="0" failures="0" skipped="0" tests="18" time="3.794" timestamp="2026-03-30T07:24:43.278934+00:00" hostname="agent-env-e7522ffa-4f6a-45f9-8a88-7996a3c2ec12"><testcase classname="backend.tests.test_iteration11_features.TestAuthentication" name="test_admin_login_success" time="0.384" /><testcase classname="backend.tests.test_iteration11_features.TestAuthentication" name="test_casier_login_success" time="0.329" /><testcase classname="backend.tests.test_iteration11_features.TestBulkTVA" name="test_bulk_tva_requires_auth" time="0.096" /><testcase classname="backend.tests.test_iteration11_features.TestBulkTVA" name="test_bulk_tva_requires_admin" time="0.427" /><testcase classname="backend.tests.test_iteration11_features.TestBulkTVA" name="test_bulk_tva_rejects_invalid_tva" time="0.629" /><testcase classname="backend.tests.test_iteration11_features.TestBulkTVA" name="test_bulk_tva_success" time="0.236" /><testcase classname="backend.tests.test_iteration11_features.TestDeleteAllProducts" name="test_delete_all_requires_auth" time="0.109" /><testcase classname="backend.tests.test_iteration11_features.TestDeleteAllProducts" name="test_delete_all_requires_admin" time="0.104" /><testcase classname="backend.tests.test_iteration11_features.TestDeleteAllProducts" name="test_delete_all_endpoint_exists" time="0.066" /><testcase classname="backend.tests.test_iteration11_features.TestANAFSearch" name="test_anaf_search_requires_auth" time="0.419" /><testcase classname="backend.tests.test_iteration11_features.TestANAFSearch" name="test_anaf_search_rejects_empty_cui" time="0.099" /><testcase classname="backend.tests.test_iteration11_features.TestANAFSearch" name="test_anaf_search_rejects_invalid_cui" time="0.100" /><testcase classname="backend.tests.test_iteration11_features.TestANAFSearch" name="test_anaf_search_dante_international" time="0.106" /><testcase classname="backend.tests.test_iteration11_features.TestANAFSearch" name="test_anaf_search_handles_ro_prefix" time="0.094" /><testcase classname="backend.tests.test_iteration11_features.TestHeldOrdersExpiry" name="test_held_order_creation_sets_12h_expiry" time="0.113" /><testcase classname="backend.tests.test_iteration11_features.TestDailyOpeningSummary" name="test_opening_summary_returns_data" time="0.106" /><testcase classname="backend.tests.test_iteration11_features.TestCashOperations" name="test_cash_in_operation" time="0.216" /><testcase classname="backend.tests.test_iteration11_features.TestProductsEndpoints" name="test_products_list_returns_tva" time="0.109" /></testsuite></testsuites>