<?xml version="1.0" encoding="utf-8"?><testsuites name="pytest tests"><testsuite name="pytest" errors="0" failures="0" skipped="0" tests="11" time="5.852" timestamp="2026-03-24T18:38:55.372186+00:00" hostname="agent-env-cf74192c-6411-4770-9444-9f5b3acac0b0"><testcase classname="backend.tests.test_start_day_iteration8.TestOpeningSummaryAPI" name="test_opening_summary_returns_200" time="0.526" /><testcase classname="backend.tests.test_start_day_iteration8.TestOpeningSummaryAPI" name="test_opening_summary_has_required_fields" time="0.439" /><testcase classname="backend.tests.test_start_day_iteration8.TestOpeningSummaryAPI" name="test_opening_summary_field_types" time="0.468" /><testcase classname="backend.tests.test_start_day_iteration8.TestOpeningSummaryAPI" name="test_opening_summary_date_format" time="0.442" /><testcase classname="backend.tests.test_start_day_iteration8.TestOpeningSummaryAPI" name="test_opening_summary_cash_balance_calculation" time="0.469" /><testcase classname="backend.tests.test_start_day_iteration8.TestOpeningSummaryAPI" name="test_opening_summary_bridge_status_is_false" time="0.517" /><testcase classname="backend.tests.test_start_day_iteration8.TestOpeningSummaryAPI" name="test_opening_summary_requires_auth" time="0.432" /><testcase classname="backend.tests.test_start_day_iteration8.TestOpeningSummaryAPI" name="test_opening_summary_casier_access" time="0.783" /><testcase classname="backend.tests.test_start_day_iteration8.TestOpeningSummaryAPI" name="test_opening_summary_non_negative_counts" time="0.466" /><testcase classname="backend.tests.test_start_day_iteration8.TestHeldOrdersCount" name="test_held_orders_count_matches_api" time="0.599" /><testcase classname="backend.tests.test_start_day_iteration8.TestStockAlertsCount" name="test_stock_alerts_count_is_valid" time="0.643" /></testsuite></testsuites>