<?xml version="1.0" encoding="utf-8"?><testsuites name="pytest tests"><testsuite name="pytest" errors="0" failures="0" skipped="0" tests="16" time="7.075" timestamp="2026-04-20T10:52:31.372791+00:00" hostname="agent-env-b43472e3-db4e-4652-b673-7f78dc3f2a54"><testcase classname="backend.tests.test_iteration16_sync_nir_merge.TestAuth" name="test_login_admin" time="0.409" /><testcase classname="backend.tests.test_iteration16_sync_nir_merge.TestSalesStockUpdatedAt" name="test_create_sale_sets_product_updated_at" time="1.778" /><testcase classname="backend.tests.test_iteration16_sync_nir_merge.TestSyncSalesSince" name="test_sales_since_no_auth" time="0.111" /><testcase classname="backend.tests.test_iteration16_sync_nir_merge.TestSyncSalesSince" name="test_sales_since_with_future_filter" time="0.104" /><testcase classname="backend.tests.test_iteration16_sync_nir_merge.TestSyncSalesSince" name="test_sales_since_with_past_filter" time="0.123" /><testcase classname="backend.tests.test_iteration16_sync_nir_merge.TestApplyRemoteSales" name="test_invalid_secret" time="0.102" /><testcase classname="backend.tests.test_iteration16_sync_nir_merge.TestApplyRemoteSales" name="test_empty_sales" time="0.098" /><testcase classname="backend.tests.test_iteration16_sync_nir_merge.TestApplyRemoteSales" name="test_apply_decrements_stock_and_skips_duplicate" time="0.547" /><testcase classname="backend.tests.test_iteration16_sync_nir_merge.TestSyncReceive" name="test_receive_invalid_secret" time="0.117" /><testcase classname="backend.tests.test_iteration16_sync_nir_merge.TestSyncReceive" name="test_receive_decrements_stock_and_sets_updated_at" time="0.367" /><testcase classname="backend.tests.test_iteration16_sync_nir_merge.TestProductsPushNoStocOverwrite" name="test_existing_product_stoc_not_overwritten" time="0.325" /><testcase classname="backend.tests.test_iteration16_sync_nir_merge.TestProductsPushNoStocOverwrite" name="test_new_product_gets_stoc_on_insert" time="0.335" /><testcase classname="backend.tests.test_iteration16_sync_nir_merge.TestNirParsePdf" name="test_parse_returns_12_items_with_pret_vanzare" time="0.163" /><testcase classname="backend.tests.test_iteration16_sync_nir_merge.TestNirFromPdf" name="test_new_product_uses_pret_vanzare_directly" time="1.001" /><testcase classname="backend.tests.test_iteration16_sync_nir_merge.TestBulkBarcodeMerge" name="test_merge_when_barcode_exists_on_another_product" time="0.784" /><testcase classname="backend.tests.test_iteration16_sync_nir_merge.TestBulkBarcodeMerge" name="test_normal_update_when_barcode_unique" time="0.552" /></testsuite></testsuites>