<?xml version="1.0" encoding="utf-8"?><testsuites name="pytest tests"><testsuite name="pytest" errors="0" failures="0" skipped="0" tests="16" time="8.241" timestamp="2026-02-18T13:18:58.989708+00:00" hostname="agent-env-f92ca45c-be03-427d-90bd-ad84e4448810"><testcase classname="backend.tests.test_andrepau_api.TestAuthentication" name="test_admin_login_success" time="0.460" /><testcase classname="backend.tests.test_andrepau_api.TestAuthentication" name="test_casier_login_success" time="0.349" /><testcase classname="backend.tests.test_andrepau_api.TestAuthentication" name="test_login_invalid_credentials" time="0.112" /><testcase classname="backend.tests.test_andrepau_api.TestProducts" name="test_get_products_list" time="0.454" /><testcase classname="backend.tests.test_andrepau_api.TestProducts" name="test_get_products_with_search" time="0.443" /><testcase classname="backend.tests.test_andrepau_api.TestProducts" name="test_get_categories" time="0.447" /><testcase classname="backend.tests.test_andrepau_api.TestProducts" name="test_casier_can_view_products" time="0.459" /><testcase classname="backend.tests.test_andrepau_api.TestExcelExport" name="test_excel_export_admin" time="1.567" /><testcase classname="backend.tests.test_andrepau_api.TestExcelExport" name="test_excel_export_casier_forbidden" time="0.489" /><testcase classname="backend.tests.test_andrepau_api.TestStock" name="test_stock_dashboard" time="0.493" /><testcase classname="backend.tests.test_andrepau_api.TestStock" name="test_stock_alerts" time="0.451" /><testcase classname="backend.tests.test_andrepau_api.TestSuppliers" name="test_get_suppliers" time="0.447" /><testcase classname="backend.tests.test_andrepau_api.TestNIR" name="test_get_nirs" time="0.430" /><testcase classname="backend.tests.test_andrepau_api.TestBackup" name="test_backup_endpoint" time="0.637" /><testcase classname="backend.tests.test_andrepau_api.TestReports" name="test_sales_report" time="0.437" /><testcase classname="backend.tests.test_andrepau_api.TestReports" name="test_top_products_report" time="0.447" /></testsuite></testsuites>